2024-10-22 12:32:21,147 - #################################All edges can be killed################################################
2024-10-22 12:32:21,147 - --------------------------------------------------------------------------------------
2024-10-22 12:32:21,147 - DynamicKiller: 
2024-10-22 12:32:21,147 - Processing file: 0
2024-10-22 12:32:21,147 - Number of Edges: 15
2024-10-22 12:32:21,161 - Iterations needed to terminate: 2
2024-10-22 12:32:21,161 - Number of Survivors: 1
2024-10-22 12:32:21,161 - Following Edges could not be killed: [('ATLAM5', 'ATLAng')]
2024-10-22 12:32:21,161 - 
2024-10-22 12:32:21,161 - Processing file: 1
2024-10-22 12:32:21,161 - Number of Edges: 22
2024-10-22 12:32:21,231 - Iterations needed to terminate: 2
2024-10-22 12:32:21,231 - Number of Survivors: 0
2024-10-22 12:32:21,231 - Following Edges could not be killed: []
2024-10-22 12:32:21,231 - 
2024-10-22 12:32:21,231 - Processing file: 2
2024-10-22 12:32:21,231 - Number of Edges: 57
2024-10-22 12:32:21,746 - Iterations needed to terminate: 2
2024-10-22 12:32:21,747 - Number of Survivors: 0
2024-10-22 12:32:21,747 - Following Edges could not be killed: []
2024-10-22 12:32:21,747 - 
2024-10-22 12:32:21,747 - Processing file: 3
2024-10-22 12:32:21,747 - Number of Edges: 45
2024-10-22 12:32:22,029 - Iterations needed to terminate: 2
2024-10-22 12:32:22,029 - Number of Survivors: 0
2024-10-22 12:32:22,029 - Following Edges could not be killed: []
2024-10-22 12:32:22,029 - 
2024-10-22 12:32:22,029 - Processing file: 4
2024-10-22 12:32:22,029 - Number of Edges: 47
2024-10-22 12:32:22,345 - Iterations needed to terminate: 2
2024-10-22 12:32:22,345 - Number of Survivors: 0
2024-10-22 12:32:22,346 - Following Edges could not be killed: []
2024-10-22 12:32:22,346 - 
2024-10-22 12:32:22,346 - Processing file: 5
2024-10-22 12:32:22,346 - Number of Edges: 42
2024-10-22 12:32:22,562 - Iterations needed to terminate: 2
2024-10-22 12:32:22,562 - Number of Survivors: 0
2024-10-22 12:32:22,562 - Following Edges could not be killed: []
2024-10-22 12:32:22,562 - 
2024-10-22 12:32:22,562 - Processing file: 6
2024-10-22 12:32:22,563 - Number of Edges: 45
2024-10-22 12:32:22,799 - Iterations needed to terminate: 2
2024-10-22 12:32:22,799 - Number of Survivors: 0
2024-10-22 12:32:22,799 - Following Edges could not be killed: []
2024-10-22 12:32:22,799 - 
2024-10-22 12:32:22,799 - Processing file: 7
2024-10-22 12:32:22,799 - Number of Edges: 36
2024-10-22 12:32:22,950 - Iterations needed to terminate: 2
2024-10-22 12:32:22,950 - Number of Survivors: 0
2024-10-22 12:32:22,950 - Following Edges could not be killed: []
2024-10-22 12:32:22,950 - 
2024-10-22 12:32:22,950 - Processing file: 8
2024-10-22 12:32:22,950 - Number of Edges: 88
2024-10-22 12:32:24,683 - Iterations needed to terminate: 2
2024-10-22 12:32:24,683 - Number of Survivors: 0
2024-10-22 12:32:24,683 - Following Edges could not be killed: []
2024-10-22 12:32:24,683 - 
2024-10-22 12:32:24,683 - Processing file: 9
2024-10-22 12:32:24,683 - Number of Edges: 86
2024-10-22 12:32:27,402 - Iterations needed to terminate: 2
2024-10-22 12:32:27,402 - Number of Survivors: 0
2024-10-22 12:32:27,403 - Following Edges could not be killed: []
2024-10-22 12:32:27,403 - 
2024-10-22 12:32:27,403 - Processing file: 10
2024-10-22 12:32:27,403 - Number of Edges: 80
2024-10-22 12:32:28,709 - Iterations needed to terminate: 2
2024-10-22 12:32:28,709 - Number of Survivors: 0
2024-10-22 12:32:28,709 - Following Edges could not be killed: []
2024-10-22 12:32:28,709 - 
2024-10-22 12:32:28,709 - Processing file: 11
2024-10-22 12:32:28,709 - Number of Edges: 61
2024-10-22 12:32:29,320 - Iterations needed to terminate: 2
2024-10-22 12:32:29,320 - Number of Survivors: 0
2024-10-22 12:32:29,320 - Following Edges could not be killed: []
2024-10-22 12:32:29,320 - 
2024-10-22 12:32:29,320 - Processing file: 12
2024-10-22 12:32:29,320 - Number of Edges: 42
2024-10-22 12:32:29,525 - Iterations needed to terminate: 2
2024-10-22 12:32:29,525 - Number of Survivors: 0
2024-10-22 12:32:29,525 - Following Edges could not be killed: []
2024-10-22 12:32:29,525 - 
2024-10-22 12:32:29,525 - Processing file: 13
2024-10-22 12:32:29,525 - Number of Edges: 49
2024-10-22 12:32:29,915 - Iterations needed to terminate: 2
2024-10-22 12:32:29,915 - Number of Survivors: 0
2024-10-22 12:32:29,915 - Following Edges could not be killed: []
2024-10-22 12:32:29,915 - 
2024-10-22 12:32:29,915 - Processing file: 14
2024-10-22 12:32:29,915 - Number of Edges: 41
2024-10-22 12:32:30,124 - Iterations needed to terminate: 2
2024-10-22 12:32:30,124 - Number of Survivors: 0
2024-10-22 12:32:30,124 - Following Edges could not be killed: []
2024-10-22 12:32:30,124 - 
2024-10-22 12:32:30,124 - Processing file: 15
2024-10-22 12:32:30,124 - Number of Edges: 26
2024-10-22 12:32:30,183 - Iterations needed to terminate: 2
2024-10-22 12:32:30,183 - Number of Survivors: 0
2024-10-22 12:32:30,183 - Following Edges could not be killed: []
2024-10-22 12:32:30,183 - 
2024-10-22 12:32:30,183 - Processing file: 16
2024-10-22 12:32:30,183 - Number of Edges: 21
2024-10-22 12:32:30,212 - Iterations needed to terminate: 2
2024-10-22 12:32:30,212 - Number of Survivors: 0
2024-10-22 12:32:30,212 - Following Edges could not be killed: []
2024-10-22 12:32:30,212 - 
2024-10-22 12:32:30,212 - Processing file: 17
2024-10-22 12:32:30,212 - Number of Edges: 51
2024-10-22 12:32:30,670 - Iterations needed to terminate: 2
2024-10-22 12:32:30,670 - Number of Survivors: 0
2024-10-22 12:32:30,670 - Following Edges could not be killed: []
2024-10-22 12:32:30,670 - 
2024-10-22 12:32:30,670 - Processing file: 18
2024-10-22 12:32:30,670 - Number of Edges: 34
2024-10-22 12:32:30,776 - Iterations needed to terminate: 2
2024-10-22 12:32:30,776 - Number of Survivors: 0
2024-10-22 12:32:30,776 - Following Edges could not be killed: []
2024-10-22 12:32:30,776 - 
2024-10-22 12:32:30,776 - Processing file: 19
2024-10-22 12:32:30,776 - Number of Edges: 18
2024-10-22 12:32:30,796 - Iterations needed to terminate: 2
2024-10-22 12:32:30,796 - Number of Survivors: 0
2024-10-22 12:32:30,796 - Following Edges could not be killed: []
2024-10-22 12:32:30,796 - 
2024-10-22 12:32:30,796 - Processing file: 20
2024-10-22 12:32:30,796 - Number of Edges: 51
2024-10-22 12:32:31,235 - Iterations needed to terminate: 2
2024-10-22 12:32:31,235 - Number of Survivors: 0
2024-10-22 12:32:31,235 - Following Edges could not be killed: []
2024-10-22 12:32:31,235 - 
2024-10-22 12:32:31,235 - Processing file: 21
2024-10-22 12:32:31,235 - Number of Edges: 51
2024-10-22 12:32:31,596 - Iterations needed to terminate: 2
2024-10-22 12:32:31,596 - Number of Survivors: 0
2024-10-22 12:32:31,596 - Following Edges could not be killed: []
2024-10-22 12:32:31,596 - 
2024-10-22 12:32:31,596 - Processing file: 22
2024-10-22 12:32:31,596 - Number of Edges: 108
2024-10-22 12:32:34,703 - Iterations needed to terminate: 3
2024-10-22 12:32:34,703 - Number of Survivors: 1
2024-10-22 12:32:34,703 - Following Edges could not be killed: [('N11', 'N35')]
2024-10-22 12:32:34,703 - 
2024-10-22 12:32:34,703 - Processing file: 23
2024-10-22 12:32:34,703 - Number of Edges: 80
2024-10-22 12:32:36,197 - Iterations needed to terminate: 3
2024-10-22 12:32:36,197 - Number of Survivors: 1
2024-10-22 12:32:36,197 - Following Edges could not be killed: [('N9', 'N32')]
2024-10-22 12:32:36,197 - 
2024-10-22 12:32:36,197 - Iterations: 2.0833333333333335
2024-10-22 12:32:36,197 - Survivers:  0.3684413580246914%
2024-10-22 12:32:36,448 - #################################99% of edges can be killed################################################
2024-10-22 12:32:36,449 - #################################95% of edges can be killed################################################
2024-10-22 12:32:36,449 - #################################50% of edges can be killed################################################
